<?xml version="1.0" encoding="UTF-8"?>
<!-- Generated by org.testng.reporters.JUnitXMLReporter -->
<testsuite ignored="0" hostname="DESKTOP-152FRH1" failures="0" tests="5" name="Default test" time="0.361" errors="0" timestamp="2022-09-28T13:23:26 IST">
  <testcase classname="testpackage.TestNgLoginPage" name="@BeforeTest launchBrowser" time="-1.664351605489E9">
    <failure type="org.testng.TestNGException" message="
Parameter &amp;apos;browser&amp;apos; is required by BeforeTest on method launchBrowser but has not been marked @Optional or defined
in C:\Users\WIN 10\AppData\Local\Temp\testng-eclipse--1662427758\testng-customsuite.xml">
      <![CDATA[org.testng.TestNGException: 
Parameter 'browser' is required by BeforeTest on method launchBrowser but has not been marked @Optional or defined
in C:\Users\WIN 10\AppData\Local\Temp\testng-eclipse--1662427758\testng-customsuite.xml
at org.testng.internal.Parameters.createParams(Parameters.java:270)
at org.testng.internal.Parameters.createParametersForMethod(Parameters.java:358)
at org.testng.internal.Parameters.createParameters(Parameters.java:700)
at org.testng.internal.Parameters.createConfigurationParameters(Parameters.java:168)
at org.testng.internal.ConfigInvoker.invokeConfigurations(ConfigInvoker.java:302)
at org.testng.TestRunner.invokeTestConfigurations(TestRunner.java:637)
at org.testng.TestRunner.beforeRun(TestRunner.java:627)
at org.testng.TestRunner.run(TestRunner.java:589)
at org.testng.SuiteRunner.runTest(SuiteRunner.java:377)
at org.testng.SuiteRunner.runSequentially(SuiteRunner.java:371)
at org.testng.SuiteRunner.privateRun(SuiteRunner.java:332)
at org.testng.SuiteRunner.run(SuiteRunner.java:276)
at org.testng.SuiteRunnerWorker.runSuite(SuiteRunnerWorker.java:53)
at org.testng.SuiteRunnerWorker.run(SuiteRunnerWorker.java:96)
at org.testng.TestNG.runSuitesSequentially(TestNG.java:1212)
at org.testng.TestNG.runSuitesLocally(TestNG.java:1134)
at org.testng.TestNG.runSuites(TestNG.java:1063)
at org.testng.TestNG.run(TestNG.java:1031)
at org.testng.remote.AbstractRemoteTestNG.run(AbstractRemoteTestNG.java:115)
at org.testng.remote.RemoteTestNG.initAndRun(RemoteTestNG.java:251)
at org.testng.remote.RemoteTestNG.main(RemoteTestNG.java:77)
]]>
    </failure>
  </testcase> <!-- @BeforeTest launchBrowser -->
  <testcase classname="testpackage.TestNgLoginPage" name="@BeforeClass createPOMObjects" time="-1.664351605625E9">
    <skipped/>
  </testcase> <!-- @BeforeClass createPOMObjects -->
  <testcase classname="testpackage.TestNgLoginPage" name="@BeforeMethod beforeMethod" time="-1.664351605707E9">
    <skipped/>
  </testcase> <!-- @BeforeMethod beforeMethod -->
  <testcase classname="testpackage.TestNgLoginPage" name="@AfterMethod logout" time="-1.664351605729E9">
    <skipped/>
  </testcase> <!-- @AfterMethod logout -->
  <testcase classname="testpackage.TestNgLoginPage" name="@BeforeMethod beforeMethod" time="-1.664351605737E9">
    <skipped/>
  </testcase> <!-- @BeforeMethod beforeMethod -->
  <testcase classname="testpackage.TestNgLoginPage" name="@AfterMethod logout" time="-1.664351605756E9">
    <skipped/>
  </testcase> <!-- @AfterMethod logout -->
  <testcase classname="testpackage.TestNgLoginPage" name="@BeforeMethod beforeMethod" time="-1.664351605761E9">
    <skipped/>
  </testcase> <!-- @BeforeMethod beforeMethod -->
  <testcase classname="testpackage.TestNgLoginPage" name="@AfterMethod logout" time="-1.664351605775E9">
    <skipped/>
  </testcase> <!-- @AfterMethod logout -->
  <testcase classname="testpackage.TestNgLoginPage" name="@BeforeMethod beforeMethod" time="-1.664351605779E9">
    <skipped/>
  </testcase> <!-- @BeforeMethod beforeMethod -->
  <testcase classname="testpackage.TestNgLoginPage" name="@AfterMethod logout" time="-1.664351605794E9">
    <skipped/>
  </testcase> <!-- @AfterMethod logout -->
  <testcase classname="testpackage.TestNgLoginPage" name="@BeforeMethod beforeMethod" time="-1.664351605798E9">
    <skipped/>
  </testcase> <!-- @BeforeMethod beforeMethod -->
  <testcase classname="testpackage.TestNgLoginPage" name="@AfterMethod logout" time="-1.664351605803E9">
    <skipped/>
  </testcase> <!-- @AfterMethod logout -->
  <testcase classname="testpackage.TestNgLoginPage" name="@AfterClass removePOMObjects" time="-1.664351605823E9">
    <skipped/>
  </testcase> <!-- @AfterClass removePOMObjects -->
  <testcase classname="testpackage.TestNgLoginPage" name="@AfterTest closeBrowser" time="-1.664351605828E9">
    <skipped/>
  </testcase> <!-- @AfterTest closeBrowser -->
  <testcase classname="testpackage.TestNgLoginPage" name="verifycreateNewAcc" time="0.0">
    <skipped/>
  </testcase> <!-- verifycreateNewAcc -->
  <testcase classname="testpackage.TestNgLoginPage" name="verifycreateNewAcc" time="0.001">
    <skipped/>
  </testcase> <!-- verifycreateNewAcc -->
  <testcase classname="testpackage.TestNgLoginPage" name="verifycreateNewAcc" time="0.0">
    <skipped/>
  </testcase> <!-- verifycreateNewAcc -->
  <testcase classname="testpackage.TestNgLoginPage" name="verifycreateNewAcc" time="0.0">
    <skipped/>
  </testcase> <!-- verifycreateNewAcc -->
  <testcase classname="testpackage.TestNgLoginPage" name="verifycreateNewAcc" time="0.0">
    <skipped/>
  </testcase> <!-- verifycreateNewAcc -->
</testsuite> <!-- Default test -->
